Unity Editor version:    2022.3.16f1c1 (2f3f1b3bde89)
Branch:                  2022.3/china_unity/release
Build type:              Release
Batch mode:              YES
macOS version:           Version 13.2.1 (Build 22D68)
Darwin version:          22.3.0
Architecture:            arm64
Running under Rosetta:   NO
Available memory:        8192 MB
Using pre-set license
Pro License: YES

COMMAND LINE ARGUMENTS:
/Applications/Unity/Hub/Editor/2022.3.16f1c1/Unity.app/Contents/MacOS/Unity
-adb2
-batchMode
-noUpm
-name
AssetImportWorker0
-projectPath
/Users/eyewind/Desktop/Spine-Animation-Editor
-logFile
Logs/AssetImportWorker0.log
-srvPort
54245
Successfully changed project path to: /Users/eyewind/Desktop/Spine-Animation-Editor
/Users/eyewind/Desktop/Spine-Animation-Editor
[UnityMemory] Configuration Parameters - Can be set up in boot.config
    "memorysetup-bucket-allocator-granularity=16"
    "memorysetup-bucket-allocator-bucket-count=8"
    "memorysetup-bucket-allocator-block-size=33554432"
    "memorysetup-bucket-allocator-block-count=8"
    "memorysetup-main-allocator-block-size=16777216"
    "memorysetup-thread-allocator-block-size=16777216"
    "memorysetup-gfx-main-allocator-block-size=16777216"
    "memorysetup-gfx-thread-allocator-block-size=16777216"
    "memorysetup-cache-allocator-block-size=4194304"
    "memorysetup-typetree-allocator-block-size=2097152"
    "memorysetup-profiler-bucket-allocator-granularity=16"
    "memorysetup-profiler-bucket-allocator-bucket-count=8"
    "memorysetup-profiler-bucket-allocator-block-size=33554432"
    "memorysetup-profiler-bucket-allocator-block-count=8"
    "memorysetup-profiler-allocator-block-size=16777216"
    "memorysetup-profiler-editor-allocator-block-size=1048576"
    "memorysetup-temp-allocator-size-main=16777216"
    "memorysetup-job-temp-allocator-block-size=2097152"
    "memorysetup-job-temp-allocator-block-size-background=1048576"
    "memorysetup-job-temp-allocator-reduction-small-platforms=262144"
    "memorysetup-allocator-temp-initial-block-size-main=262144"
    "memorysetup-allocator-temp-initial-block-size-worker=262144"
    "memorysetup-temp-allocator-size-background-worker=32768"
    "memorysetup-temp-allocator-size-job-worker=262144"
    "memorysetup-temp-allocator-size-preload-manager=33554432"
    "memorysetup-temp-allocator-size-nav-mesh-worker=65536"
    "memorysetup-temp-allocator-size-audio-worker=65536"
    "memorysetup-temp-allocator-size-cloud-worker=32768"
    "memorysetup-temp-allocator-size-gi-baking-worker=262144"
    "memorysetup-temp-allocator-size-gfx=262144"
Player connection [8601076032] Host "[IP] 192.168.0.25 [Port] 0 [Flags] 2 [Guid] 1624109542 [EditorId] 1624109542 [Version] 1048832 [Id] OSXEditor(0,mkymb.local) [Debug] 1 [PackageName] OSXEditor [ProjectName] Editor" joined multi-casting on [225.0.0.222:54997]...

Player connection [8601076032] Host "[IP] 192.168.0.25 [Port] 0 [Flags] 2 [Guid] 1624109542 [EditorId] 1624109542 [Version] 1048832 [Id] OSXEditor(0,mkymb.local) [Debug] 1 [PackageName] OSXEditor [ProjectName] Editor" joined alternative multi-casting on [225.0.0.222:34997]...

[Physics::Module] Initialized MultithreadedJobDispatcher with 7 workers.
Refreshing native plugins compatible for Editor in 19.97 ms, found 5 plugins.
Preloading 0 native plugins for Editor in 0.00 ms.
Initialize engine version: 2022.3.16f1c1 (2f3f1b3bde89)
[Subsystems] Discovering subsystems at path /Applications/Unity/Hub/Editor/2022.3.16f1c1/Unity.app/Contents/Resources/UnitySubsystems
[Subsystems] Discovering subsystems at path /Users/eyewind/Desktop/Spine-Animation-Editor/Assets
GfxDevice: creating device client; threaded=0; jobified=0
 preferred device: Apple M1 (high power)
Metal devices available: 1
0: Apple M1 (high power)
Using device Apple M1 (high power)
Initializing Metal device caps: Apple M1
Initialize mono
Mono path[0] = '/Applications/Unity/Hub/Editor/2022.3.16f1c1/Unity.app/Contents/Managed'
Mono path[1] = '/Applications/Unity/Hub/Editor/2022.3.16f1c1/Unity.app/Contents/MonoBleedingEdge/lib/mono/unityjit-macos'
Mono config path = '/Applications/Unity/Hub/Editor/2022.3.16f1c1/Unity.app/Contents/MonoBleedingEdge/etc'
Using monoOptions --debugger-agent=transport=dt_socket,embedding=1,server=y,suspend=n,address=127.0.0.1:56618
Begin MonoManager ReloadAssembly
Registering precompiled unity dll's ...
Register platform support module: /Applications/Unity/Hub/Editor/2022.3.16f1c1/Unity.app/Contents/PlaybackEngines/MacStandaloneSupport/UnityEditor.OSXStandalone.Extensions.dll
Register platform support module: /Applications/Unity/Hub/Editor/2022.3.16f1c1/PlaybackEngines/AndroidPlayer/UnityEditor.Android.Extensions.dll
Register platform support module: /Applications/Unity/Hub/Editor/2022.3.16f1c1/PlaybackEngines/iOSSupport/UnityEditor.iOS.Extensions.dll
Registered in 0.007597 seconds.
- Loaded All Assemblies, in  0.260 seconds
[usbmuxd] Start listen thread
[usbmuxd] Listen thread started
[usbmuxd] Send listen message
Native extension for iOS target not found
Native extension for Android target not found
Android Extension - Scanning For ADB Devices 238 ms
Native extension for OSXStandalone target not found
Mono: successfully reloaded assembly
- Finished resetting the current domain, in  0.492 seconds
Domain Reload Profiling: 752ms
	BeginReloadAssembly (95ms)
		ExecutionOrderSort (0ms)
		DisableScriptedObjects (0ms)
		BackupInstance (0ms)
		ReleaseScriptingObjects (0ms)
		CreateAndSetChildDomain (1ms)
	RebuildCommonClasses (20ms)
	RebuildNativeTypeToScriptingClass (7ms)
	initialDomainReloadingComplete (41ms)
	LoadAllAssembliesAndSetupDomain (97ms)
		LoadAssemblies (95ms)
		RebuildTransferFunctionScriptingTraits (0ms)
		AnalyzeDomain (95ms)
			TypeCache.Refresh (93ms)
				TypeCache.ScanAssembly (83ms)
			ScanForSourceGeneratedMonoScriptInfo (0ms)
			ResolveRequiredComponents (1ms)
	FinalizeReload (492ms)
		ReleaseScriptCaches (0ms)
		RebuildScriptCaches (0ms)
		SetupLoadedEditorAssemblies (458ms)
			LogAssemblyErrors (0ms)
			InitializePlatformSupportModulesInManaged (374ms)
			SetLoadedEditorAssemblies (2ms)
			RefreshPlugins (0ms)
			BeforeProcessingInitializeOnLoad (1ms)
			ProcessInitializeOnLoadAttributes (57ms)
			ProcessInitializeOnLoadMethodAttributes (24ms)
			AfterProcessingInitializeOnLoad (0ms)
			EditorAssembliesLoaded (0ms)
		ExecutionOrderSort2 (0ms)
		AwakeInstancesAfterBackupRestoration (0ms)
========================================================================
Worker process is ready to serve import requests
Begin MonoManager ReloadAssembly
- Loaded All Assemblies, in  0.505 seconds
Refreshing native plugins compatible for Editor in 1.68 ms, found 5 plugins.
Native extension for iOS target not found
Native extension for Android target not found
Native extension for OSXStandalone target not found
Package Manager log level set to [2]
[Package Manager] Server::EnsureServerProcessIsRunning -- launch failed, reason: Unity was launched with the -noUpm command-line argument
[Package Manager] UpmClient::Send -- Unable to send message (not connected to UPM process).
[Package Manager] Cannot connect to Unity Package Manager local server
Mono: successfully reloaded assembly
- Finished resetting the current domain, in  0.499 seconds
Domain Reload Profiling: 1008ms
	BeginReloadAssembly (120ms)
		ExecutionOrderSort (0ms)
		DisableScriptedObjects (10ms)
		BackupInstance (0ms)
		ReleaseScriptingObjects (0ms)
		CreateAndSetChildDomain (18ms)
	RebuildCommonClasses (25ms)
	RebuildNativeTypeToScriptingClass (12ms)
	initialDomainReloadingComplete (30ms)
	LoadAllAssembliesAndSetupDomain (322ms)
		LoadAssemblies (218ms)
		RebuildTransferFunctionScriptingTraits (0ms)
		AnalyzeDomain (146ms)
			TypeCache.Refresh (130ms)
				TypeCache.ScanAssembly (100ms)
			ScanForSourceGeneratedMonoScriptInfo (11ms)
			ResolveRequiredComponents (4ms)
	FinalizeReload (499ms)
		ReleaseScriptCaches (0ms)
		RebuildScriptCaches (0ms)
		SetupLoadedEditorAssemblies (393ms)
			LogAssemblyErrors (0ms)
			InitializePlatformSupportModulesInManaged (22ms)
			SetLoadedEditorAssemblies (3ms)
			RefreshPlugins (0ms)
			BeforeProcessingInitializeOnLoad (44ms)
			ProcessInitializeOnLoadAttributes (302ms)
			ProcessInitializeOnLoadMethodAttributes (21ms)
			AfterProcessingInitializeOnLoad (1ms)
			EditorAssembliesLoaded (0ms)
		ExecutionOrderSort2 (0ms)
		AwakeInstancesAfterBackupRestoration (2ms)
Launching external process: /Applications/Unity/Hub/Editor/2022.3.16f1c1/Unity.app/Contents/Tools/UnityShaderCompiler
Launched and connected shader compiler UnityShaderCompiler after 0.09 seconds
Refreshing native plugins compatible for Editor in 1.65 ms, found 5 plugins.
Preloading 0 native plugins for Editor in 0.00 ms.
Unloading 4437 Unused Serialized files (Serialized files now loaded: 0)
Unloading 92 unused Assets / (1.5 MB). Loaded Objects now: 4876.
Memory consumption went from 180.0 MB to 178.5 MB.
Total: 5.912125 ms (FindLiveObjects: 0.227292 ms CreateObjectMapping: 0.061042 ms MarkObjects: 3.549333 ms  DeleteObjects: 2.073500 ms)

AssetImportParameters requested are different than current active one (requested -> active):
  custom:container-demuxer-ogg: 62fdf1f143b41e24485cea50d1cbac27 -> 
  custom:video-decoder-ogg-theora: a1e56fd34408186e4bbccfd4996cb3dc -> 
  custom:CustomObjectIndexerAttribute: 43b350a4d6e6d1791af0b5038c4bea17 -> 
  custom:container-demuxer-webm: 4f35f7cbe854078d1ac9338744f61a02 -> 
  custom:container-muxer-webm: aa71ff27fc2769a1b78a27578f13a17b -> 
  custom:video-decoder-webm-vp8: 9c59270c3fd7afecdb556c50c9e8de78 -> 
  custom:SearchIndexIgnoredProperties: e643bd26f0fe6173181afceb89e7c659 -> 
  custom:AudioImporter_EditorPlatform: 3918e3fc78b5a79bad01e8451be0beb8 -> 
  custom:framework-osx-AVFoundation: e770b220cccbd017edd2c1fefb359320 -> 
  custom:video-encoder-webm-vp8: eb34c28f22e8b96e1ab97ce403110664 -> 
  custom:audio-decoder-ogg-vorbis: bf7c407c2cedff20999df2af8eb42d56 -> 
  custom:audio-encoder-webm-vorbis: bf7c407c2cedff20999df2af8eb42d56 -> 
========================================================================
Received Prepare
Begin MonoManager ReloadAssembly
Thread 0x17ffc7000 may have been prematurely finalized
- Loaded All Assemblies, in  0.396 seconds
Refreshing native plugins compatible for Editor in 1.83 ms, found 5 plugins.
Native extension for iOS target not found
Native extension for Android target not found
Native extension for OSXStandalone target not found
[Package Manager] Server::EnsureServerProcessIsRunning -- launch failed, reason: Unity was launched with the -noUpm command-line argument
[Package Manager] UpmClient::Send -- Unable to send message (not connected to UPM process).
[Package Manager] Cannot connect to Unity Package Manager local server
Mono: successfully reloaded assembly
- Finished resetting the current domain, in  0.776 seconds
Domain Reload Profiling: 1172ms
	BeginReloadAssembly (136ms)
		ExecutionOrderSort (0ms)
		DisableScriptedObjects (11ms)
		BackupInstance (0ms)
		ReleaseScriptingObjects (0ms)
		CreateAndSetChildDomain (53ms)
	RebuildCommonClasses (31ms)
	RebuildNativeTypeToScriptingClass (8ms)
	initialDomainReloadingComplete (26ms)
	LoadAllAssembliesAndSetupDomain (196ms)
		LoadAssemblies (218ms)
		RebuildTransferFunctionScriptingTraits (0ms)
		AnalyzeDomain (16ms)
			TypeCache.Refresh (11ms)
				TypeCache.ScanAssembly (0ms)
			ScanForSourceGeneratedMonoScriptInfo (0ms)
			ResolveRequiredComponents (5ms)
	FinalizeReload (777ms)
		ReleaseScriptCaches (0ms)
		RebuildScriptCaches (0ms)
		SetupLoadedEditorAssemblies (359ms)
			LogAssemblyErrors (0ms)
			InitializePlatformSupportModulesInManaged (28ms)
			SetLoadedEditorAssemblies (3ms)
			RefreshPlugins (0ms)
			BeforeProcessingInitializeOnLoad (41ms)
			ProcessInitializeOnLoadAttributes (266ms)
			ProcessInitializeOnLoadMethodAttributes (19ms)
			AfterProcessingInitializeOnLoad (1ms)
			EditorAssembliesLoaded (0ms)
		ExecutionOrderSort2 (0ms)
		AwakeInstancesAfterBackupRestoration (5ms)
Refreshing native plugins compatible for Editor in 1.71 ms, found 5 plugins.
Preloading 0 native plugins for Editor in 0.00 ms.
Unloading 4400 Unused Serialized files (Serialized files now loaded: 0)
Unloading 64 unused Assets / (1.4 MB). Loaded Objects now: 4881.
Memory consumption went from 180.7 MB to 179.3 MB.
Total: 5.636750 ms (FindLiveObjects: 0.257750 ms CreateObjectMapping: 0.058875 ms MarkObjects: 3.522750 ms  DeleteObjects: 1.796542 ms)

Prepare: number of updated asset objects reloaded= 0
AssetImportParameters requested are different than current active one (requested -> active):
  custom:container-demuxer-ogg: 62fdf1f143b41e24485cea50d1cbac27 -> 
  custom:video-decoder-ogg-theora: a1e56fd34408186e4bbccfd4996cb3dc -> 
  custom:CustomObjectIndexerAttribute: 43b350a4d6e6d1791af0b5038c4bea17 -> 
  custom:container-demuxer-webm: 4f35f7cbe854078d1ac9338744f61a02 -> 
  custom:container-muxer-webm: aa71ff27fc2769a1b78a27578f13a17b -> 
  custom:video-decoder-webm-vp8: 9c59270c3fd7afecdb556c50c9e8de78 -> 
  custom:SearchIndexIgnoredProperties: e643bd26f0fe6173181afceb89e7c659 -> 
  custom:AudioImporter_EditorPlatform: 3918e3fc78b5a79bad01e8451be0beb8 -> 
  custom:framework-osx-AVFoundation: e770b220cccbd017edd2c1fefb359320 -> 
  custom:video-encoder-webm-vp8: eb34c28f22e8b96e1ab97ce403110664 -> 
  custom:audio-decoder-ogg-vorbis: bf7c407c2cedff20999df2af8eb42d56 -> 
  custom:audio-encoder-webm-vorbis: bf7c407c2cedff20999df2af8eb42d56 -> 
========================================================================
Received Import Request.
  Time since last request: 963555.422718 seconds.
  path: Assets/SpineAnimations/伐木经理/竖切1导出
  artifactKey: Guid(f144b1e8714c747b6b5d44aba524394f) Importer(815301076,1909f56bfc062723c751e8b465ee728b)
Start importing Assets/SpineAnimations/伐木经理/竖切1导出 using Guid(f144b1e8714c747b6b5d44aba524394f) Importer(815301076,1909f56bfc062723c751e8b465ee728b)  -> (artifact id: 'd094aa72bc5169a3e811e833379af663') in 0.002245 seconds
Number of updated asset objects reloaded before import = 0
Number of asset objects unloaded after import = 0
========================================================================
Received Prepare
Begin MonoManager ReloadAssembly
Thread 0x17ffc7000 may have been prematurely finalized
- Loaded All Assemblies, in  0.322 seconds
Refreshing native plugins compatible for Editor in 1.75 ms, found 5 plugins.
Native extension for iOS target not found
Native extension for Android target not found
Native extension for OSXStandalone target not found
[Package Manager] Server::EnsureServerProcessIsRunning -- launch failed, reason: Unity was launched with the -noUpm command-line argument
[Package Manager] UpmClient::Send -- Unable to send message (not connected to UPM process).
[Package Manager] Cannot connect to Unity Package Manager local server
Mono: successfully reloaded assembly
- Finished resetting the current domain, in  1.124 seconds
Domain Reload Profiling: 1447ms
	BeginReloadAssembly (103ms)
		ExecutionOrderSort (0ms)
		DisableScriptedObjects (7ms)
		BackupInstance (0ms)
		ReleaseScriptingObjects (0ms)
		CreateAndSetChildDomain (38ms)
	RebuildCommonClasses (25ms)
	RebuildNativeTypeToScriptingClass (8ms)
	initialDomainReloadingComplete (14ms)
	LoadAllAssembliesAndSetupDomain (172ms)
		LoadAssemblies (183ms)
		RebuildTransferFunctionScriptingTraits (0ms)
		AnalyzeDomain (22ms)
			TypeCache.Refresh (16ms)
				TypeCache.ScanAssembly (0ms)
			ScanForSourceGeneratedMonoScriptInfo (0ms)
			ResolveRequiredComponents (5ms)
	FinalizeReload (1125ms)
		ReleaseScriptCaches (0ms)
		RebuildScriptCaches (0ms)
		SetupLoadedEditorAssemblies (433ms)
			LogAssemblyErrors (0ms)
			InitializePlatformSupportModulesInManaged (73ms)
			SetLoadedEditorAssemblies (4ms)
			RefreshPlugins (0ms)
			BeforeProcessingInitializeOnLoad (45ms)
			ProcessInitializeOnLoadAttributes (291ms)
			ProcessInitializeOnLoadMethodAttributes (19ms)
			AfterProcessingInitializeOnLoad (1ms)
			EditorAssembliesLoaded (0ms)
		ExecutionOrderSort2 (0ms)
		AwakeInstancesAfterBackupRestoration (5ms)
Refreshing native plugins compatible for Editor in 1.82 ms, found 5 plugins.
Preloading 0 native plugins for Editor in 0.00 ms.
Unloading 4399 Unused Serialized files (Serialized files now loaded: 0)
Unloading 64 unused Assets / (1.4 MB). Loaded Objects now: 4885.
Memory consumption went from 190.7 MB to 189.3 MB.
Total: 5.018583 ms (FindLiveObjects: 0.206208 ms CreateObjectMapping: 0.069458 ms MarkObjects: 4.019750 ms  DeleteObjects: 0.719292 ms)

Prepare: number of updated asset objects reloaded= 0
AssetImportParameters requested are different than current active one (requested -> active):
  custom:container-demuxer-ogg: 62fdf1f143b41e24485cea50d1cbac27 -> 
  custom:video-decoder-ogg-theora: a1e56fd34408186e4bbccfd4996cb3dc -> 
  custom:CustomObjectIndexerAttribute: 43b350a4d6e6d1791af0b5038c4bea17 -> 
  custom:container-demuxer-webm: 4f35f7cbe854078d1ac9338744f61a02 -> 
  custom:container-muxer-webm: aa71ff27fc2769a1b78a27578f13a17b -> 
  custom:video-decoder-webm-vp8: 9c59270c3fd7afecdb556c50c9e8de78 -> 
  custom:SearchIndexIgnoredProperties: e643bd26f0fe6173181afceb89e7c659 -> 
  custom:AudioImporter_EditorPlatform: 3918e3fc78b5a79bad01e8451be0beb8 -> 
  custom:framework-osx-AVFoundation: e770b220cccbd017edd2c1fefb359320 -> 
  custom:video-encoder-webm-vp8: eb34c28f22e8b96e1ab97ce403110664 -> 
  custom:audio-decoder-ogg-vorbis: bf7c407c2cedff20999df2af8eb42d56 -> 
  custom:audio-encoder-webm-vorbis: bf7c407c2cedff20999df2af8eb42d56 -> 
========================================================================
Received Prepare
Begin MonoManager ReloadAssembly
Thread 0x16be4f000 may have been prematurely finalized
- Loaded All Assemblies, in  0.367 seconds
Refreshing native plugins compatible for Editor in 6.99 ms, found 5 plugins.
Native extension for iOS target not found
Native extension for Android target not found
Native extension for OSXStandalone target not found
[Package Manager] Server::EnsureServerProcessIsRunning -- launch failed, reason: Unity was launched with the -noUpm command-line argument
[Package Manager] UpmClient::Send -- Unable to send message (not connected to UPM process).
[Package Manager] Cannot connect to Unity Package Manager local server
Mono: successfully reloaded assembly
- Finished resetting the current domain, in  1.040 seconds
Domain Reload Profiling: 1412ms
	BeginReloadAssembly (105ms)
		ExecutionOrderSort (0ms)
		DisableScriptedObjects (10ms)
		BackupInstance (0ms)
		ReleaseScriptingObjects (0ms)
		CreateAndSetChildDomain (37ms)
	RebuildCommonClasses (20ms)
	RebuildNativeTypeToScriptingClass (9ms)
	initialDomainReloadingComplete (19ms)
	LoadAllAssembliesAndSetupDomain (219ms)
		LoadAssemblies (226ms)
		RebuildTransferFunctionScriptingTraits (0ms)
		AnalyzeDomain (21ms)
			TypeCache.Refresh (8ms)
				TypeCache.ScanAssembly (0ms)
			ScanForSourceGeneratedMonoScriptInfo (0ms)
			ResolveRequiredComponents (12ms)
	FinalizeReload (1040ms)
		ReleaseScriptCaches (0ms)
		RebuildScriptCaches (0ms)
		SetupLoadedEditorAssemblies (352ms)
			LogAssemblyErrors (0ms)
			InitializePlatformSupportModulesInManaged (32ms)
			SetLoadedEditorAssemblies (3ms)
			RefreshPlugins (0ms)
			BeforeProcessingInitializeOnLoad (40ms)
			ProcessInitializeOnLoadAttributes (258ms)
			ProcessInitializeOnLoadMethodAttributes (18ms)
			AfterProcessingInitializeOnLoad (1ms)
			EditorAssembliesLoaded (0ms)
		ExecutionOrderSort2 (0ms)
		AwakeInstancesAfterBackupRestoration (5ms)
Refreshing native plugins compatible for Editor in 1.81 ms, found 5 plugins.
Preloading 0 native plugins for Editor in 0.00 ms.
Unloading 4400 Unused Serialized files (Serialized files now loaded: 0)
Unloading 64 unused Assets / (1.4 MB). Loaded Objects now: 4889.
Memory consumption went from 201.1 MB to 199.6 MB.
Total: 4.437666 ms (FindLiveObjects: 0.217375 ms CreateObjectMapping: 0.063292 ms MarkObjects: 3.412917 ms  DeleteObjects: 0.743250 ms)

Prepare: number of updated asset objects reloaded= 0
AssetImportParameters requested are different than current active one (requested -> active):
  custom:container-demuxer-ogg: 62fdf1f143b41e24485cea50d1cbac27 -> 
  custom:video-decoder-ogg-theora: a1e56fd34408186e4bbccfd4996cb3dc -> 
  custom:CustomObjectIndexerAttribute: 43b350a4d6e6d1791af0b5038c4bea17 -> 
  custom:container-demuxer-webm: 4f35f7cbe854078d1ac9338744f61a02 -> 
  custom:container-muxer-webm: aa71ff27fc2769a1b78a27578f13a17b -> 
  custom:video-decoder-webm-vp8: 9c59270c3fd7afecdb556c50c9e8de78 -> 
  custom:SearchIndexIgnoredProperties: e643bd26f0fe6173181afceb89e7c659 -> 
  custom:AudioImporter_EditorPlatform: 3918e3fc78b5a79bad01e8451be0beb8 -> 
  custom:framework-osx-AVFoundation: e770b220cccbd017edd2c1fefb359320 -> 
  custom:video-encoder-webm-vp8: eb34c28f22e8b96e1ab97ce403110664 -> 
  custom:audio-decoder-ogg-vorbis: bf7c407c2cedff20999df2af8eb42d56 -> 
  custom:audio-encoder-webm-vorbis: bf7c407c2cedff20999df2af8eb42d56 -> 
========================================================================
Received Import Request.
  Time since last request: 344.442568 seconds.
  path: Assets/SpineAnimations/伐木经理/剥皮1导出/CH_admin_bopi_SkeletonData.asset
  artifactKey: Guid(564291157a3594252ae00560eed92d30) Importer(815301076,1909f56bfc062723c751e8b465ee728b)
Start importing Assets/SpineAnimations/伐木经理/剥皮1导出/CH_admin_bopi_SkeletonData.asset using Guid(564291157a3594252ae00560eed92d30) Importer(815301076,1909f56bfc062723c751e8b465ee728b)  -> (artifact id: '11eed04c78d6c3de7fa2598324ffee50') in 0.487290 seconds
Number of updated asset objects reloaded before import = 0
Number of asset objects unloaded after import = 237
========================================================================
Received Import Request.
  Time since last request: 41.994863 seconds.
  path: Assets/SpineAnimations/伐木经理/剥皮2导出/CH_admin_bopi2_SkeletonData.asset
  artifactKey: Guid(566ff95df489b4d7094dab515f75deb4) Importer(815301076,1909f56bfc062723c751e8b465ee728b)
Start importing Assets/SpineAnimations/伐木经理/剥皮2导出/CH_admin_bopi2_SkeletonData.asset using Guid(566ff95df489b4d7094dab515f75deb4) Importer(815301076,1909f56bfc062723c751e8b465ee728b)  -> (artifact id: 'be80c3c89db8af92aca8981fb713cb9d') in 0.037279 seconds
Number of updated asset objects reloaded before import = 0
Number of asset objects unloaded after import = 12
========================================================================
Received Import Request.
  Time since last request: 1.973346 seconds.
  path: Assets/SpineAnimations/伐木经理/剥皮3导出/CH_admin_bopi3_SkeletonData.asset
  artifactKey: Guid(fef64d6609c8e4e1786bbe6d6aebd2fa) Importer(815301076,1909f56bfc062723c751e8b465ee728b)
Start importing Assets/SpineAnimations/伐木经理/剥皮3导出/CH_admin_bopi3_SkeletonData.asset using Guid(fef64d6609c8e4e1786bbe6d6aebd2fa) Importer(815301076,1909f56bfc062723c751e8b465ee728b)  -> (artifact id: '25de13d34728f0fd96606927afc7d2ad') in 0.011550 seconds
Number of updated asset objects reloaded before import = 0
Number of asset objects unloaded after import = 12
========================================================================
Received Import Request.
  Time since last request: 1.987345 seconds.
  path: Assets/SpineAnimations/伐木经理/剥皮4导出/CH_admin_bopi4_SkeletonData.asset
  artifactKey: Guid(07285d24bbcce4da0bd0504567ad2be8) Importer(815301076,1909f56bfc062723c751e8b465ee728b)
Start importing Assets/SpineAnimations/伐木经理/剥皮4导出/CH_admin_bopi4_SkeletonData.asset using Guid(07285d24bbcce4da0bd0504567ad2be8) Importer(815301076,1909f56bfc062723c751e8b465ee728b)  -> (artifact id: 'fd770996526abc996d1c7b0d6c152e5e') in 0.010400 seconds
Number of updated asset objects reloaded before import = 0
Number of asset objects unloaded after import = 12
========================================================================
Received Import Request.
  Time since last request: 5.143787 seconds.
  path: Assets/SpineAnimations/伐木经理/木楔1导出/CH_admin_muxie_SkeletonData.asset
  artifactKey: Guid(c3242f5e57fda4f5982b6fac3f6a3669) Importer(815301076,1909f56bfc062723c751e8b465ee728b)
Start importing Assets/SpineAnimations/伐木经理/木楔1导出/CH_admin_muxie_SkeletonData.asset using Guid(c3242f5e57fda4f5982b6fac3f6a3669) Importer(815301076,1909f56bfc062723c751e8b465ee728b)  -> (artifact id: '61d291832310c1d6dd47f1bc1f4918f6') in 0.010515 seconds
Number of updated asset objects reloaded before import = 0
Number of asset objects unloaded after import = 12
========================================================================
Received Import Request.
  Time since last request: 3.446674 seconds.
  path: Assets/SpineAnimations/伐木经理/木楔2导出/CH_admin_muxie2_SkeletonData.asset
  artifactKey: Guid(cc61b8075c7ad48e1850db5b7a32acb5) Importer(815301076,1909f56bfc062723c751e8b465ee728b)
Start importing Assets/SpineAnimations/伐木经理/木楔2导出/CH_admin_muxie2_SkeletonData.asset using Guid(cc61b8075c7ad48e1850db5b7a32acb5) Importer(815301076,1909f56bfc062723c751e8b465ee728b)  -> (artifact id: 'cd23a077342c8ca9d125334616fe6eeb') in 0.026845 seconds
Number of updated asset objects reloaded before import = 0
Number of asset objects unloaded after import = 12
========================================================================
Received Import Request.
  Time since last request: 2.094261 seconds.
  path: Assets/SpineAnimations/伐木经理/木楔3导出/CH_admin_muxie3_SkeletonData.asset
  artifactKey: Guid(b314134090dbd42229bcc55110498bbc) Importer(815301076,1909f56bfc062723c751e8b465ee728b)
Start importing Assets/SpineAnimations/伐木经理/木楔3导出/CH_admin_muxie3_SkeletonData.asset using Guid(b314134090dbd42229bcc55110498bbc) Importer(815301076,1909f56bfc062723c751e8b465ee728b)  -> (artifact id: '418a879ace594678bf64fdf09fb55481') in 0.011646 seconds
Number of updated asset objects reloaded before import = 0
Number of asset objects unloaded after import = 12
========================================================================
Received Import Request.
  Time since last request: 14.657992 seconds.
  path: Assets/SpineAnimations/伐木经理/横切1导出/CH_admin_Hcut_SkeletonData.asset
  artifactKey: Guid(b113acb86f9804e9e9b64760a8a5b18b) Importer(815301076,1909f56bfc062723c751e8b465ee728b)
Start importing Assets/SpineAnimations/伐木经理/横切1导出/CH_admin_Hcut_SkeletonData.asset using Guid(b113acb86f9804e9e9b64760a8a5b18b) Importer(815301076,1909f56bfc062723c751e8b465ee728b)  -> (artifact id: '4fa9fb7e7064702fd5d7f934831bc0df') in 0.040057 seconds
Number of updated asset objects reloaded before import = 0
Number of asset objects unloaded after import = 12
========================================================================
Received Import Request.
  Time since last request: 4.563406 seconds.
  path: Assets/SpineAnimations/伐木经理/横切2导出/CH_admin_Hcut2_SkeletonData.asset
  artifactKey: Guid(0f88dbc6a1ac64904aee454e6bf63eca) Importer(815301076,1909f56bfc062723c751e8b465ee728b)
Start importing Assets/SpineAnimations/伐木经理/横切2导出/CH_admin_Hcut2_SkeletonData.asset using Guid(0f88dbc6a1ac64904aee454e6bf63eca) Importer(815301076,1909f56bfc062723c751e8b465ee728b)  -> (artifact id: '711d0518f884bdbb4845c2bd5704d2f9') in 0.013555 seconds
Number of updated asset objects reloaded before import = 0
Number of asset objects unloaded after import = 12
========================================================================
Received Import Request.
  Time since last request: 2.757411 seconds.
  path: Assets/SpineAnimations/伐木经理/横切3导出/CH_admin_Hcut3_SkeletonData.asset
  artifactKey: Guid(f518c6262bb014314a04691bb5443b32) Importer(815301076,1909f56bfc062723c751e8b465ee728b)
Start importing Assets/SpineAnimations/伐木经理/横切3导出/CH_admin_Hcut3_SkeletonData.asset using Guid(f518c6262bb014314a04691bb5443b32) Importer(815301076,1909f56bfc062723c751e8b465ee728b)  -> (artifact id: '75e708b8afcea29f696334c39e5a4f49') in 0.013184 seconds
Number of updated asset objects reloaded before import = 0
Number of asset objects unloaded after import = 12
========================================================================
Received Import Request.
  Time since last request: 55.377438 seconds.
  path: Assets/SpineAnimations/伐木经理/砍伐管理_鲨鱼导出/CH_shark_kanfa_SkeletonData.asset
  artifactKey: Guid(e5884a9f5fc2f4620af9913bfb693c46) Importer(815301076,1909f56bfc062723c751e8b465ee728b)
Start importing Assets/SpineAnimations/伐木经理/砍伐管理_鲨鱼导出/CH_shark_kanfa_SkeletonData.asset using Guid(e5884a9f5fc2f4620af9913bfb693c46) Importer(815301076,1909f56bfc062723c751e8b465ee728b)  -> (artifact id: '88f78eb2db0af7bf9e36dd8129a00c91') in 0.093631 seconds
Number of updated asset objects reloaded before import = 0
Number of asset objects unloaded after import = 12
========================================================================
Received Import Request.
  Time since last request: 13.618054 seconds.
  path: Assets/SpineAnimations/伐木经理/竖切1导出/CH_admin_Scut_SkeletonData.asset
  artifactKey: Guid(fe23bc6b963ab484498b8e6034162077) Importer(815301076,1909f56bfc062723c751e8b465ee728b)
Start importing Assets/SpineAnimations/伐木经理/竖切1导出/CH_admin_Scut_SkeletonData.asset using Guid(fe23bc6b963ab484498b8e6034162077) Importer(815301076,1909f56bfc062723c751e8b465ee728b)  -> (artifact id: 'b6fc02438eb50c53f2485e6062045fc5') in 0.046585 seconds
Number of updated asset objects reloaded before import = 0
Number of asset objects unloaded after import = 12
========================================================================
Received Import Request.
  Time since last request: 3.054969 seconds.
  path: Assets/SpineAnimations/伐木经理/运输管理_狗导出/CH_dog_carry_SkeletonData.asset
  artifactKey: Guid(99a70f3742beb42f896baf82540f426d) Importer(815301076,1909f56bfc062723c751e8b465ee728b)
Start importing Assets/SpineAnimations/伐木经理/运输管理_狗导出/CH_dog_carry_SkeletonData.asset using Guid(99a70f3742beb42f896baf82540f426d) Importer(815301076,1909f56bfc062723c751e8b465ee728b)  -> (artifact id: '8fbb609af129df2db0c694533cf9fdbb') in 0.014028 seconds
Number of updated asset objects reloaded before import = 0
Number of asset objects unloaded after import = 12
========================================================================
Received Import Request.
  Time since last request: 64.974266 seconds.
  path: Assets/SpineAnimations/伐木经理/运输管理_长颈鹿导出/CH_giraffe_carry_SkeletonData.asset
  artifactKey: Guid(244ffe01b622a45538dba1ecc3185d6f) Importer(815301076,1909f56bfc062723c751e8b465ee728b)
Start importing Assets/SpineAnimations/伐木经理/运输管理_长颈鹿导出/CH_giraffe_carry_SkeletonData.asset using Guid(244ffe01b622a45538dba1ecc3185d6f) Importer(815301076,1909f56bfc062723c751e8b465ee728b)  -> (artifact id: '0e655ec5d0b45b9c13aa9b9c7a514669') in 0.156765 seconds
Number of updated asset objects reloaded before import = 0
Number of asset objects unloaded after import = 12
========================================================================
Received Import Request.
  Time since last request: 5.775833 seconds.
  path: Assets/SpineAnimations/伐木经理/运输管理_猴导出/CH_monkey_carry_SkeletonData.asset
  artifactKey: Guid(bdcd186cce4e84d399367db7d3e79dab) Importer(815301076,1909f56bfc062723c751e8b465ee728b)
Start importing Assets/SpineAnimations/伐木经理/运输管理_猴导出/CH_monkey_carry_SkeletonData.asset using Guid(bdcd186cce4e84d399367db7d3e79dab) Importer(815301076,1909f56bfc062723c751e8b465ee728b)  -> (artifact id: '96e5516b32b092c3fe98d1ffb5f02c0d') in 0.012657 seconds
Number of updated asset objects reloaded before import = 0
Number of asset objects unloaded after import = 12
========================================================================
Received Import Request.
  Time since last request: 1.255568 seconds.
  path: Assets/SpineAnimations/伐木经理/运输管理_猴导出/CH_monkey_carry.atlas.txt
  artifactKey: Guid(cca6fce1ef9ae416c9eb0e53d27d9753) Importer(815301076,1909f56bfc062723c751e8b465ee728b)
Start importing Assets/SpineAnimations/伐木经理/运输管理_猴导出/CH_monkey_carry.atlas.txt using Guid(cca6fce1ef9ae416c9eb0e53d27d9753) Importer(815301076,1909f56bfc062723c751e8b465ee728b)  -> (artifact id: '4610b7bff6e87493a74dc1ca349b0c70') in 0.001903 seconds
Number of updated asset objects reloaded before import = 0
Number of asset objects unloaded after import = 1
========================================================================
Received Import Request.
  Time since last request: 0.504232 seconds.
  path: Assets/SpineAnimations/伐木经理/运输管理_狗导出/CH_dog_carry.png
  artifactKey: Guid(b97374d05ad6c4db7abaf31d62fb3a48) Importer(815301076,1909f56bfc062723c751e8b465ee728b)
Start importing Assets/SpineAnimations/伐木经理/运输管理_狗导出/CH_dog_carry.png using Guid(b97374d05ad6c4db7abaf31d62fb3a48) Importer(815301076,1909f56bfc062723c751e8b465ee728b)  -> (artifact id: '4637a280b2a966cbb1fe9cc3b1871cfa') in 0.064765 seconds
Number of updated asset objects reloaded before import = 0
Number of asset objects unloaded after import = 2
========================================================================
Received Import Request.
  Time since last request: 0.479468 seconds.
  path: Assets/SpineAnimations/伐木经理/运输管理_狗导出/CH_dog_carry.atlas.txt
  artifactKey: Guid(1ae6f2d3f0e20468a8b157b1a7224cab) Importer(815301076,1909f56bfc062723c751e8b465ee728b)
Start importing Assets/SpineAnimations/伐木经理/运输管理_狗导出/CH_dog_carry.atlas.txt using Guid(1ae6f2d3f0e20468a8b157b1a7224cab) Importer(815301076,1909f56bfc062723c751e8b465ee728b)  -> (artifact id: '921a60762ac7b9f87ed582f939653f2a') in 0.001061 seconds
Number of updated asset objects reloaded before import = 0
Number of asset objects unloaded after import = 1
========================================================================
Received Import Request.
  Time since last request: 14.426412 seconds.
  path: Assets/SpineAnimations/伐木经理/运输管理_蛙导出/CH_frog_carry_SkeletonData.asset
  artifactKey: Guid(6d6b54a1a40c34a41916f225e2a820e8) Importer(815301076,1909f56bfc062723c751e8b465ee728b)
Start importing Assets/SpineAnimations/伐木经理/运输管理_蛙导出/CH_frog_carry_SkeletonData.asset using Guid(6d6b54a1a40c34a41916f225e2a820e8) Importer(815301076,1909f56bfc062723c751e8b465ee728b)  -> (artifact id: 'f6d5e745f8d512f617f35fd9d329d372') in 0.046956 seconds
Number of updated asset objects reloaded before import = 0
Number of asset objects unloaded after import = 12
========================================================================
Received Import Request.
  Time since last request: 2.911910 seconds.
  path: Assets/SpineAnimations/伐木经理/运输管理_鹤导出/CH_he_carry_SkeletonData.asset
  artifactKey: Guid(10c9d0f8b646048a68e029f0dcf30f29) Importer(815301076,1909f56bfc062723c751e8b465ee728b)
Start importing Assets/SpineAnimations/伐木经理/运输管理_鹤导出/CH_he_carry_SkeletonData.asset using Guid(10c9d0f8b646048a68e029f0dcf30f29) Importer(815301076,1909f56bfc062723c751e8b465ee728b)  -> (artifact id: '217c6ba72f067a504fb8ce112187b8ef') in 0.014324 seconds
Number of updated asset objects reloaded before import = 0
Number of asset objects unloaded after import = 12
